Performing C SOURCE FILE Test CMAKE_HAVE_LIBC_PTHREAD failed with the following output:
Change Dir: /home/ryan/CS480/PA6/cmake-build-debug/CMakeFiles/CMakeTmp

Run Build Command(s):/usr/bin/make cmTC_037eb/fast && /usr/bin/make -f CMakeFiles/cmTC_037eb.dir/build.make CMakeFiles/cmTC_037eb.dir/build
make[1]: Entering directory '/home/ryan/CS480/PA6/cmake-build-debug/CMakeFiles/CMakeTmp'
Building C object CMakeFiles/cmTC_037eb.dir/src.c.o
/usr/bin/cc   -DCMAKE_HAVE_LIBC_PTHREAD   -o CMakeFiles/cmTC_037eb.dir/src.c.o   -c /home/ryan/CS480/PA6/cmake-build-debug/CMakeFiles/CMakeTmp/src.c
Linking C executable cmTC_037eb
/home/ryan/clion-2019.2.3/bin/cmake/linux/bin/cmake -E cmake_link_script CMakeFiles/cmTC_037eb.dir/link.txt --verbose=1
/usr/bin/cc  -DCMAKE_HAVE_LIBC_PTHREAD    -rdynamic CMakeFiles/cmTC_037eb.dir/src.c.o  -o cmTC_037eb 
CMakeFiles/cmTC_037eb.dir/src.c.o: In function `main':
src.c:(.text+0x3e): undefined reference to `pthread_create'
src.c:(.text+0x4a): undefined reference to `pthread_detach'
src.c:(.text+0x5b): undefined reference to `pthread_join'
src.c:(.text+0x6f): undefined reference to `pthread_atfork'
collect2: error: ld returned 1 exit status
CMakeFiles/cmTC_037eb.dir/build.make:86: recipe for target 'cmTC_037eb' failed
make[1]: *** [cmTC_037eb] Error 1
make[1]: Leaving directory '/home/ryan/CS480/PA6/cmake-build-debug/CMakeFiles/CMakeTmp'
Makefile:121: recipe for target 'cmTC_037eb/fast' failed
make: *** [cmTC_037eb/fast] Error 2


Source file was:
#include <pthread.h>

void* test_func(void* data)
{
  return data;
}

int main(void)
{
  pthread_t thread;
  pthread_create(&thread, NULL, test_func, NULL);
  pthread_detach(thread);
  pthread_join(thread, NULL);
  pthread_atfork(NULL, NULL, NULL);
  pthread_exit(NULL);

  return 0;
}

Determining if the function pthread_create exists in the pthreads failed with the following output:
Change Dir: /home/ryan/CS480/PA6/cmake-build-debug/CMakeFiles/CMakeTmp

Run Build Command(s):/usr/bin/make cmTC_c99aa/fast && /usr/bin/make -f CMakeFiles/cmTC_c99aa.dir/build.make CMakeFiles/cmTC_c99aa.dir/build
make[1]: Entering directory '/home/ryan/CS480/PA6/cmake-build-debug/CMakeFiles/CMakeTmp'
Building C object CMakeFiles/cmTC_c99aa.dir/CheckFunctionExists.c.o
/usr/bin/cc   -DCHECK_FUNCTION_EXISTS=pthread_create   -o CMakeFiles/cmTC_c99aa.dir/CheckFunctionExists.c.o   -c /home/ryan/clion-2019.2.3/bin/cmake/linux/share/cmake-3.15/Modules/CheckFunctionExists.c
Linking C executable cmTC_c99aa
/home/ryan/clion-2019.2.3/bin/cmake/linux/bin/cmake -E cmake_link_script CMakeFiles/cmTC_c99aa.dir/link.txt --verbose=1
/usr/bin/cc  -DCHECK_FUNCTION_EXISTS=pthread_create    -rdynamic CMakeFiles/cmTC_c99aa.dir/CheckFunctionExists.c.o  -o cmTC_c99aa -lpthreads 
/usr/bin/ld: cannot find -lpthreads
collect2: error: ld returned 1 exit status
CMakeFiles/cmTC_c99aa.dir/build.make:86: recipe for target 'cmTC_c99aa' failed
make[1]: *** [cmTC_c99aa] Error 1
make[1]: Leaving directory '/home/ryan/CS480/PA6/cmake-build-debug/CMakeFiles/CMakeTmp'
Makefile:121: recipe for target 'cmTC_c99aa/fast' failed
make: *** [cmTC_c99aa/fast] Error 2



